#
# A fatal error has been detected by the Java Runtime Environment:
#
#  EXCEPTION_ACCESS_VIOLATION (0xc0000005) at pc=0x52daa80d, pid=8524, tid=11824
#
# JRE version: Java(TM) SE Runtime Environment (8.0_45-b15) (build 1.8.0_45-b15)
# Java VM: Java HotSpot(TM) Client VM (25.45-b02 mixed mode windows-x86 )
# Problematic frame:
# V  [jvm.dll+0xca80d]
#
# Failed to write core dump. Minidumps are not enabled by default on client versions of Windows
#
# If you would like to submit a bug report, please visit:
#   http://bugreport.java.com/bugreport/crash.jsp
#

---------------  T H R E A D  ---------------

Current thread (0x13eda800):  JavaThread "JDWP Transport Listener: dt_socket" daemon [_thread_in_vm, id=11824, stack(0x03910000,0x03960000)]

siginfo: ExceptionCode=0xc0000005, reading address 0x3b746e65

Registers:
EAX=0x3b746e65, EBX=0x00000000, ECX=0x3b746e65, EDX=0x00000000
ESP=0x0395f918, EBP=0x0395f91c, ESI=0x13eda800, EDI=0x009578c8
EIP=0x52daa80d, EFLAGS=0x00010206

Top of Stack: (sp=0x0395f918)
0x0395f918:   13eda800 0395f944 52f04914 3b746e65
0x0395f928:   0395f9fc 0395f97f 13eda800 00000000
0x0395f938:   00000000 00000000 13eda800 0395f980
0x0395f948:   63599f80 009578c8 3b746e65 0395f97f
0x0395f958:   3b746e65 6358436d 3b746e65 0395f97f
0x0395f968:   00000008 00000000 00000000 0000000a
0x0395f978:   00000000 00e8c17c 0395f9a0 635844e0
0x0395f988:   00000001 0395f9bc 0395f9f8 13f71b20 

Instructions: (pc=0x52daa80d)
0x52daa7ed:   5d c3 52 e8 5b f9 ff ff 5d c3 cc cc cc cc cc cc
0x52daa7fd:   cc cc cc 55 8b ec 8b 45 08 85 c0 75 02 5d c3 56
0x52daa80d:   8b 30 85 f6 74 17 83 fe 37 74 12 8b 06 8b 50 08
0x52daa81d:   8b ce ff d2 84 c0 74 05 8b c6 5e 5d c3 33 c0 5e 


Register to memory mapping:

EAX=0x3b746e65 is an unknown value
EBX=0x00000000 is an unknown value
ECX=0x3b746e65 is an unknown value
EDX=0x00000000 is an unknown value
ESP=0x0395f918 is pointing into the stack for thread: 0x13eda800
EBP=0x0395f91c is pointing into the stack for thread: 0x13eda800
ESI=0x13eda800 is a thread
EDI=0x009578c8 is an unknown value


Stack: [0x03910000,0x03960000],  sp=0x0395f918,  free space=318k
Native frames: (J=compiled Java code, j=interpreted, Vv=VM code, C=native code)
V  [jvm.dll+0xca80d]
V  [jvm.dll+0x224914]
C  [jdwp.dll+0x19f80]
C  [jdwp.dll+0x44e0]
C  [jdwp.dll+0x451e]
C  0x00000000


---------------  P R O C E S S  ---------------

Java Threads: ( => current thread )
  0x13eeec00 JavaThread "Service Thread" daemon [_thread_blocked, id=12044, stack(0x14120000,0x14170000)]
  0x13ee9400 JavaThread "C1 CompilerThread0" daemon [_thread_blocked, id=11848, stack(0x14700000,0x14750000)]
  0x13edd000 JavaThread "JDWP Command Reader" daemon [_thread_in_native, id=8884, stack(0x14540000,0x14590000)]
  0x13edc400 JavaThread "JDWP Event Helper Thread" daemon [_thread_blocked, id=11556, stack(0x14620000,0x14670000)]
=>0x13eda800 JavaThread "JDWP Transport Listener: dt_socket" daemon [_thread_in_vm, id=11824, stack(0x03910000,0x03960000)]
  0x13ec3400 JavaThread "Attach Listener" daemon [_thread_blocked, id=11320, stack(0x141f0000,0x14240000)]
  0x13ec1000 JavaThread "Signal Dispatcher" daemon [_thread_blocked, id=9080, stack(0x038c0000,0x03910000)]
  0x13e84400 JavaThread "Finalizer" daemon [_thread_blocked, id=11240, stack(0x00b40000,0x00b90000)]
  0x13e7f400 JavaThread "Reference Handler" daemon [_thread_blocked, id=10620, stack(0x14090000,0x140e0000)]
  0x0095c800 JavaThread "main" [_thread_blocked, id=7480, stack(0x00ad0000,0x00b20000)]

Other Threads:
  0x13e7b000 VMThread [stack: 0x03860000,0x038b0000] [id=11972]
  0x13eefc00 WatcherThread [stack: 0x14890000,0x148e0000] [id=11528]

VM state:not at safepoint (normal execution)

VM Mutex/Monitor currently owned by a thread: None

Heap:
 def new generation   total 4928K, used 1117K [0x03a00000, 0x03f50000, 0x08f50000)
  eden space 4416K,  25% used [0x03a00000, 0x03b175d0, 0x03e50000)
  from space 512K,   0% used [0x03e50000, 0x03e50000, 0x03ed0000)
  to   space 512K,   0% used [0x03ed0000, 0x03ed0000, 0x03f50000)
 tenured generation   total 10944K, used 0K [0x08f50000, 0x09a00000, 0x13a00000)
   the space 10944K,   0% used [0x08f50000, 0x08f50000, 0x08f50200, 0x09a00000)
 Metaspace       used 1870K, capacity 2246K, committed 2368K, reserved 4480K

Card table byte_map: [0x009e0000,0x00a70000] byte_map_base: 0x009c3000

Polling page: 0x00100000

CodeCache: size=32768Kb used=683Kb max_used=683Kb free=32084Kb
 bounds [0x01820000, 0x018d0000, 0x03820000]
 total_blobs=155 nmethods=21 adapters=73
 compilation: enabled

Compilation events (10 events):
Event: 0.372 Thread 0x13ee9400   17             java.lang.CharacterDataLatin1::getProperties (11 bytes)
Event: 0.372 Thread 0x13ee9400 nmethod 17 0x018c8f48 code [0x018c9040, 0x018c90f0]
Event: 0.372 Thread 0x13ee9400   18             java.lang.Character::toLowerCase (9 bytes)
Event: 0.372 Thread 0x13ee9400 nmethod 18 0x018c91c8 code [0x018c92d0, 0x018c9378]
Event: 0.372 Thread 0x13ee9400   19             java.lang.CharacterDataLatin1::toLowerCase (39 bytes)
Event: 0.372 Thread 0x13ee9400 nmethod 19 0x018c9408 code [0x018c9500, 0x018c95e0]
Event: 0.373 Thread 0x13ee9400   20             java.lang.String::toLowerCase (439 bytes)
Event: 0.374 Thread 0x13ee9400 nmethod 20 0x018c96c8 code [0x018c98d0, 0x018ca110]
Event: 0.374 Thread 0x13ee9400   21             java.lang.AbstractStringBuilder::append (29 bytes)
Event: 0.374 Thread 0x13ee9400 nmethod 21 0x018cac88 code [0x018cad90, 0x018cae8c]

GC Heap History (0 events):
No events

Deoptimization events (0 events):
No events

Internal exceptions (2 events):
Event: 0.052 Thread 0x0095c800 Exception <a 'java/lang/NoSuchMethodError': Method sun.misc.Unsafe.defineClass(Ljava/lang/String;[BII)Ljava/lang/Class; name or signature does not match> (0x03a10758) thrown at [C:\re\workspace\8-2-build-windows-i586-cygwin\jdk8u45\3627\hotspot\src\share\v†]BÙµª?
Event: 0.052 Thread 0x0095c800 Exception <a 'java/lang/NoSuchMethodError': Method sun.misc.Unsafe.prefetchRead(Ljava/lang/Object;J)V name or signature does not match> (0x03a109d8) thrown at [C:\re\workspace\8-2-build-windows-i586-cygwin\jdk8u45\3627\hotspot\src\share\vm\prims\jni.cpp, l

Events (10 events):
Event: 365.119 Executing VM operation: GetOrSetLocal
Event: 365.119 Executing VM operation: GetOrSetLocal done
Event: 365.119 Executing VM operation: GetOrSetLocal
Event: 365.119 Executing VM operation: GetOrSetLocal done
Event: 365.129 Executing VM operation: GetOrSetLocal
Event: 365.129 Executing VM operation: GetOrSetLocal done
Event: 365.130 Executing VM operation: GetOrSetLocal
Event: 365.130 Executing VM operation: GetOrSetLocal done
Event: 376.177 Executing VM operation: RedefineClasses
Event: 376.177 Executing VM operation: RedefineClasses done


Dynamic libraries:
0x00be0000 - 0x00c13000 	D:\Program Files\Java\jdk1.8.0_45\bin\javaw.exe
0x772b0000 - 0x773f2000 	C:\Windows\SYSTEM32\ntdll.dll
0x765a0000 - 0x76675000 	C:\Windows\system32\kernel32.dll
0x754f0000 - 0x7553b000 	C:\Windows\system32\KERNELBASE.dll
0x755f0000 - 0x75691000 	C:\Windows\system32\ADVAPI32.dll
0x76f40000 - 0x76fec000 	C:\Windows\system32\msvcrt.dll
0x77410000 - 0x77429000 	C:\Windows\SYSTEM32\sechost.dll
0x76790000 - 0x76832000 	C:\Windows\system32\RPCRT4.dll
0x77150000 - 0x77219000 	C:\Windows\system32\USER32.dll
0x755a0000 - 0x755ee000 	C:\Windows\system32\GDI32.dll
0x76a40000 - 0x76a4a000 	C:\Windows\system32\LPK.dll
0x756a0000 - 0x7573d000 	C:\Windows\system32\USP10.dll
0x73ca0000 - 0x73e3e000 	C:\Windows\WinSxS\x86_microsoft.windows.common-controls_6595b64144ccf1df_6.0.7601.18837_none_41e855142bd5705d\COMCTL32.dll
0x76840000 - 0x76897000 	C:\Windows\system32\SHLWAPI.dll
0x77450000 - 0x7746f000 	C:\Windows\system32\IMM32.DLL
0x76680000 - 0x7674c000 	C:\Windows\system32\MSCTF.dll
0x5ef60000 - 0x5f01f000 	D:\Program Files\Java\jdk1.8.0_45\jre\bin\msvcr100.dll
0x52ce0000 - 0x530a0000 	D:\Program Files\Java\jdk1.8.0_45\jre\bin\client\jvm.dll
0x66db0000 - 0x66db7000 	C:\Windows\system32\WSOCK32.dll
0x76750000 - 0x76785000 	C:\Windows\system32\WS2_32.dll
0x77400000 - 0x77406000 	C:\Windows\system32\NSI.dll
0x73440000 - 0x73472000 	C:\Windows\system32\WINMM.dll
0x747c0000 - 0x747c9000 	C:\Windows\system32\VERSION.dll
0x77440000 - 0x77445000 	C:\Windows\system32\PSAPI.DLL
0x63cc0000 - 0x63ccc000 	D:\Program Files\Java\jdk1.8.0_45\jre\bin\verify.dll
0x63c90000 - 0x63cb1000 	D:\Program Files\Java\jdk1.8.0_45\jre\bin\java.dll
0x63580000 - 0x635a9000 	D:\Program Files\Java\jdk1.8.0_45\jre\bin\jdwp.dll
0x70ea0000 - 0x70ea7000 	D:\Program Files\Java\jdk1.8.0_45\jre\bin\npt.dll
0x63b30000 - 0x63b43000 	D:\Program Files\Java\jdk1.8.0_45\jre\bin\zip.dll
0x75950000 - 0x7659b000 	C:\Windows\system32\SHELL32.dll
0x76ff0000 - 0x7714c000 	C:\Windows\system32\ole32.dll
0x75270000 - 0x7527b000 	C:\Windows\system32\profapi.dll
0x70df0000 - 0x70df8000 	D:\Program Files\Java\jdk1.8.0_45\jre\bin\dt_socket.dll
0x74160000 - 0x74170000 	C:\Windows\system32\NLAapi.dll
0x74150000 - 0x74160000 	C:\Windows\system32\napinsp.dll
0x74130000 - 0x74142000 	C:\Windows\system32\pnrpnsp.dll
0x74c70000 - 0x74cac000 	C:\Windows\System32\mswsock.dll
0x74b30000 - 0x74b74000 	C:\Windows\system32\DNSAPI.dll
0x74120000 - 0x74128000 	C:\Windows\System32\winrnr.dll
0x744e0000 - 0x744fc000 	C:\Windows\system32\IPHLPAPI.DLL
0x744d0000 - 0x744d7000 	C:\Windows\system32\WINNSI.DLL
0x72d80000 - 0x72db8000 	C:\Windows\System32\fwpuclnt.dll
0x74100000 - 0x74106000 	C:\Windows\system32\rasadhlp.dll
0x00a70000 - 0x00a92000 	C:\Windows\system32\xunyount.dll
0x74350000 - 0x74362000 	C:\Windows\system32\dhcpcsvc.DLL
0x74340000 - 0x74346000 	C:\Windows\System32\wshqos.dll
0x74330000 - 0x74335000 	C:\Windows\system32\wshtcpip.DLL
0x74c60000 - 0x74c66000 	C:\Windows\system32\wship6.dll
0x73720000 - 0x7380b000 	C:\Windows\system32\dbghelp.dll

VM Arguments:
jvm_args: -agentlib:jdwp=transport=dt_socket,suspend=y,address=localhost:8698 -Dfile.encoding=UTF-8 -Xbootclasspath:D:\Program Files\Java\jdk1.8.0_45\jre\lib\resources.jar;D:\Program Files\Java\jdk1.8.0_45\jre\lib\rt.jar;D:\Program Files\Java\jdk1.8.0_45\jre\lib\jsse.jar;D:\Program Files\Java\jdk1.8.0_45\jre\lib\jce.jar;D:\Program Files\Java\jdk1.8.0_45\jre\lib\charsets.jar;D:\Program Files\Java\jdk1.8.0_45\jre\lib\jfr.jar;D:\Program Files\Java\robinJar\rb.jar 
java_command: ¶ÑÅÅ.Solution
java_class_path (initial): E:\WorkSpace_JAVA\ÕÐÆ¸\¶ÑÅÅ\bin
Launcher Type: SUN_STANDARD

Environment Variables:
JAVA_HOME=D:\Program Files\Java\jdk1.8.0_45
CLASSPATH=.;D:\Program Files\Java\jdk1.8.0_45\lib\tools.jar;D:\Program Files\Java\jdk1.8.0_45/lib;D:\Program Files\apache-tomcat-7.0.64/common/lib;D:\Program Files\apache-tomcat-7.0.64\lib
PATH=D:\Program Files\Java\jdk1.8.0_45\jre\bin;D:/Program Files/Java/jre1.8.0_60/bin/client;D:/Program Files/Java/jre1.8.0_60/bin;D:/Program Files/Java/jre1.8.0_60/lib/i386;C:\ProgramData\Oracle\Java\javapath;C:\Windows\system32;C:\Windows;C:\Windows\System32\Wbem;C:\Windows\System32\WindowsPowerShell\v1.0\;C:\Program Files\Intel\OpenCL SDK\2.0\bin\x86;D:\Program Files\Java\jdk1.8.0_45\bin;D:\Program Files\apache-tomcat-7.0.64/bin;d:\Program Files\android-sdk-windows\android-sdk-windows\tools;d:\Program Files\android-sdk-windows\android-sdk-windows\platform-tools;D:\program files\Python27;D:\program files\Python27\Scripts;D:\Program Files\Rational\Common;D:\Program Files\MySQL\MySQL Server 5.5\bin;D:\Program Files\Microsoft SQL Server\100\Tools\Binn\;D:\Program Files\Microsoft SQL Server\100\DTS\Binn\;D:\Program Files\Microsoft SQL Server\100\Tools\Binn\VSShell\Common7\IDE\;C:\Program Files\Microsoft Visual Studio 9.0\Common7\IDE\PrivateAssemblies\;D:\Program Files\Jar2Exe Wizard\;C:\Users\Robin\AppData\Local\atom\bin;D:\Program Files\eclipse;
USERNAME=Robin
OS=Windows_NT
PROCESSOR_IDENTIFIER=x86 Family 6 Model 58 Stepping 9, GenuineIntel



---------------  S Y S T E M  ---------------

OS: Windows 7 Build 7601 (6.1.7601.19135)

CPU:total 4 (4 cores per cpu, 1 threads per core) family 6 model 58 stepping 9, cmov, cx8, fxsr, mmx, sse, sse2, sse3, ssse3, sse4.1, sse4.2, popcnt, avx, aes, clmul, erms, tsc, tscinvbit, tscinv

Memory: 4k page, physical 3560392k(1352968k free), swap 7119060k(3404720k free)

vm_info: Java HotSpot(TM) Client VM (25.45-b02) for windows-x86 JRE (1.8.0_45-b15), built on Apr 30 2015 12:31:00 by "java_re" with MS VC++ 10.0 (VS2010)

time: Wed Apr 06 11:09:26 2016
elapsed time: 376 seconds (0d 0h 6m 16s)

